<?xml version="1.0" encoding="UTF-8"?>
<!-- Generated by org.testng.reporters.JUnitReportReporter -->
<testsuite hostname="dellcuatai" failures="0" tests="2" name="NguyenTuanTai.testThuCoi" time="0.020" errors="0" timestamp="2025-02-23T13:22:31 ICT" skipped="0">
  <testcase classname="NguyenTuanTai.testThuCoi" name="test1" time="0.015"/>
  <system-out/>
  <testcase classname="NguyenTuanTai.testThuCoi" name="test2" time="0.005"/>
  <system-out/>
</testsuite> <!-- NguyenTuanTai.testThuCoi -->
