<?xml version="1.0" encoding="UTF-8"?>
<!-- Generated by org.testng.reporters.JUnitReportReporter -->
<testsuite hostname="dellcuatai" failures="0" tests="1" name="NguyenTuanTai.add_user_feature" time="0.217" errors="0" timestamp="2025-02-23T15:23:37 ICT" skipped="0">
  <testcase classname="NguyenTuanTai.add_user_feature" name="login" time="0.217"/>
  <system-out/>
</testsuite> <!-- NguyenTuanTai.add_user_feature -->
